listening on http://0.0.0.0:3380
启动成功！
  <-- POST /api/sku/list
  --> POST /api/sku/list 200 7ms 4.81kb
  <-- POST /api/sku/list
  --> POST /api/sku/list 200 2ms 4.81kb
  <-- POST /api/sku/list
  --> POST /api/sku/list 200 1ms 4.81kb
  <-- POST /api/sku/list
  --> POST /api/sku/list 200 1ms 4.81kb
  <-- POST /api/sku/list
  --> POST /api/sku/list 200 1ms 4.81kb
  <-- POST /api/sku/list
  --> POST /api/sku/list 200 1ms 4.81kb
  <-- POST /api/sku/list
  --> POST /api/sku/list 200 1ms 4.81kb
  <-- POST /api/sku/list
  --> POST /api/sku/list 200 0ms 4.81kb
  <-- POST /api/sku/list
  --> POST /api/sku/list 200 1ms 4.81kb
  <-- POST /api/sku/list
  --> POST /api/sku/list 200 0ms 4.81kb
  <-- POST /api/sku/list
  --> POST /api/sku/list 200 1ms 4.81kb
  <-- POST /api/sku/list
  --> POST /api/sku/list 200 1ms 4.81kb
  <-- POST /api/sku/list
  --> POST /api/sku/list 200 0ms 4.81kb
  <-- POST /api/sku/list
  --> POST /api/sku/list 200 1ms 4.81kb
  <-- POST /api/sku/list
  --> POST /api/sku/list 200 1ms 4.81kb
  <-- POST /api/sku/list
  --> POST /api/sku/list 200 1ms 4.81kb
  <-- POST /api/sku/list
  --> POST /api/sku/list 200 1ms 4.81kb
  <-- POST /api/sku/list
  --> POST /api/sku/list 200 0ms 4.81kb
  <-- POST /api/sku/list
  --> POST /api/sku/list 200 0ms 4.81kb
  <-- POST /api/sku/list
  --> POST /api/sku/list 200 1ms 4.81kb
  <-- POST /api/sku/list
  --> POST /api/sku/list 200 1ms 4.81kb
  <-- POST /api/sku/list
  --> POST /api/sku/list 200 1ms 4.81kb
  <-- POST /api/sku/list
  --> POST /api/sku/list 200 1ms 4.81kb
  <-- POST /api/sku/list
  --> POST /api/sku/list 200 1ms 4.81kb
  <-- POST /api/sku/list
  --> POST /api/sku/list 200 0ms 4.81kb
  <-- POST /api/sku/list
  --> POST /api/sku/list 200 1ms 4.81kb
  <-- POST /api/sku/list
  --> POST /api/sku/list 200 1ms 4.81kb
  <-- POST /api/sku/list
  --> POST /api/sku/list 200 1ms 4.81kb
  <-- POST /api/sku/list
  --> POST /api/sku/list 200 1ms 4.81kb
  <-- POST /api/sku/list
  --> POST /api/sku/list 200 1ms 4.81kb
  <-- POST /api/sku/list
  --> POST /api/sku/list 200 0ms 4.81kb
  <-- POST /api/sku/list
  --> POST /api/sku/list 200 0ms 4.81kb
  <-- POST /api/sku/list
  --> POST /api/sku/list 200 1ms 4.81kb
  <-- POST /api/sku/list
  --> POST /api/sku/list 200 1ms 4.81kb
  <-- POST /api/sku/list
  --> POST /api/sku/list 200 1ms 4.81kb
  <-- POST /api/sku/list
  --> POST /api/sku/list 200 1ms 4.81kb
  <-- POST /api/sku/list
  --> POST /api/sku/list 200 0ms 4.81kb
  <-- POST /api/sku/list
  --> POST /api/sku/list 200 1ms 4.81kb
  <-- POST /api/sku/list
  --> POST /api/sku/list 200 1ms 4.81kb
  <-- POST /api/sku/list
  --> POST /api/sku/list 200 1ms 4.81kb
  <-- POST /api/sku/list
  --> POST /api/sku/list 200 1ms 4.81kb
  <-- POST /api/sku/list
  --> POST /api/sku/list 200 1ms 4.81kb
  <-- POST /api/sku/list
  --> POST /api/sku/list 200 1ms 4.81kb
  <-- POST /api/sku/list
  --> POST /api/sku/list 200 0ms 4.81kb
  <-- POST /api/sku/list
  --> POST /api/sku/list 200 0ms 4.81kb
  <-- POST /api/sku/list
  --> POST /api/sku/list 200 1ms 4.81kb
  <-- POST /api/sku/list
  --> POST /api/sku/list 200 1ms 4.81kb
  <-- POST /api/sku/list
  --> POST /api/sku/list 200 1ms 4.81kb
  <-- POST /api/sku/list
  --> POST /api/sku/list 200 0ms 4.81kb
  <-- POST /api/sku/list
  --> POST /api/sku/list 200 1ms 4.81kb
  <-- POST /api/sku/list
  --> POST /api/sku/list 200 1ms 4.81kb
  <-- POST /api/sku/list
  --> POST /api/sku/list 200 1ms 4.81kb
  <-- POST /api/sku/list
  --> POST /api/sku/list 200 1ms 4.81kb
  <-- POST /api/sku/list
  --> POST /api/sku/list 200 1ms 4.81kb
  <-- POST /api/sku/list
  --> POST /api/sku/list 200 1ms 4.81kb
  <-- POST /api/sku/list
  --> POST /api/sku/list 200 1ms 4.81kb
  <-- POST /api/sku/list
  --> POST /api/sku/list 200 1ms 4.81kb
  <-- POST /api/sku/list
  --> POST /api/sku/list 200 0ms 4.81kb
  <-- POST /api/sku/list
  --> POST /api/sku/list 200 1ms 4.81kb
  <-- POST /api/sku/list
  --> POST /api/sku/list 200 0ms 4.81kb
  <-- POST /api/sku/list
  --> POST /api/sku/list 200 1ms 4.81kb
  <-- POST /api/sku/list
  --> POST /api/sku/list 200 1ms 4.81kb
  <-- POST /api/sku/list
  --> POST /api/sku/list 200 0ms 4.81kb
  <-- POST /api/sku/list
  --> POST /api/sku/list 200 1ms 4.81kb
  <-- POST /api/sku/list
  --> POST /api/sku/list 200 0ms 4.81kb
  <-- POST /api/sku/list
  --> POST /api/sku/list 200 1ms 4.81kb
  <-- POST /api/sku/list
  --> POST /api/sku/list 200 0ms 4.81kb
  <-- POST /api/sku/list
  --> POST /api/sku/list 200 2ms 4.81kb
  <-- POST /api/sku/list
  --> POST /api/sku/list 200 1ms 4.81kb
  <-- POST /api/sku/list
  --> POST /api/sku/list 200 1ms 4.81kb
  <-- POST /api/sku/list
  --> POST /api/sku/list 200 1ms 4.81kb
  <-- POST /api/sku/list
  --> POST /api/sku/list 200 1ms 4.81kb
  <-- POST /api/sku/list
  --> POST /api/sku/list 200 1ms 4.81kb
  <-- POST /api/sku/list
  --> POST /api/sku/list 200 1ms 4.81kb
  <-- POST /api/sku/list
  --> POST /api/sku/list 200 0ms 4.81kb
  <-- POST /api/sku/list
  --> POST /api/sku/list 200 0ms 4.81kb
  <-- POST /api/sku/list
  --> POST /api/sku/list 200 1ms 4.81kb
  <-- POST /api/sku/list
  --> POST /api/sku/list 200 0ms 4.81kb
  <-- POST /api/sku/list
  --> POST /api/sku/list 200 1ms 4.81kb
  <-- POST /api/sku/list
  --> POST /api/sku/list 200 0ms 4.81kb
  <-- POST /api/sku/list
  --> POST /api/sku/list 200 1ms 4.81kb
  <-- POST /api/sku/list
  --> POST /api/sku/list 200 1ms 4.81kb
  <-- POST /api/sku/list
  --> POST /api/sku/list 200 1ms 4.81kb
  <-- POST /api/sku/list
  --> POST /api/sku/list 200 1ms 4.81kb
  <-- POST /api/sku/list
  --> POST /api/sku/list 200 0ms 4.81kb
  <-- POST /api/sku/list
  --> POST /api/sku/list 200 1ms 4.81kb
  <-- POST /api/sku/list
  --> POST /api/sku/list 200 0ms 4.81kb
  <-- POST /api/sku/list
  --> POST /api/sku/list 200 1ms 4.81kb
  <-- POST /api/sku/list
  --> POST /api/sku/list 200 0ms 4.81kb
  <-- POST /api/sku/list
  --> POST /api/sku/list 200 1ms 4.81kb
  <-- POST /api/sku/list
  --> POST /api/sku/list 200 1ms 4.81kb
  <-- POST /api/sku/list
  --> POST /api/sku/list 200 1ms 4.81kb
  <-- POST /api/sku/list
  --> POST /api/sku/list 200 1ms 4.81kb
  <-- POST /api/sku/list
  --> POST /api/sku/list 200 1ms 4.81kb
  <-- POST /api/sku/list
  --> POST /api/sku/list 200 0ms 4.81kb
  <-- POST /api/sku/list
  --> POST /api/sku/list 200 0ms 4.81kb
  <-- POST /api/sku/list
  --> POST /api/sku/list 200 0ms 4.81kb
  <-- POST /api/sku/list
  --> POST /api/sku/list 200 0ms 4.81kb
  <-- POST /api/sku/list
  --> POST /api/sku/list 200 0ms 4.81kb
  <-- POST /api/sku/list
  --> POST /api/sku/list 200 1ms 4.81kb
  <-- POST /api/sku/list
  --> POST /api/sku/list 200 1ms 4.81kb
  <-- POST /api/sku/list
  --> POST /api/sku/list 200 1ms 4.81kb
  <-- POST /api/sku/list
  --> POST /api/sku/list 200 1ms 4.81kb
  <-- POST /api/sku/list
  --> POST /api/sku/list 200 1ms 4.81kb
  <-- POST /api/sku/list
  --> POST /api/sku/list 200 1ms 4.81kb
  <-- POST /api/sku/list
  --> POST /api/sku/list 200 1ms 4.81kb
  <-- POST /api/sku/list
  --> POST /api/sku/list 200 1ms 4.81kb
  <-- POST /api/sku/list
  --> POST /api/sku/list 200 0ms 4.81kb
  <-- POST /api/sku/list
  --> POST /api/sku/list 200 0ms 4.81kb
  <-- POST /api/sku/list
  --> POST /api/sku/list 200 0ms 4.81kb
  <-- POST /api/sku/list
  --> POST /api/sku/list 200 1ms 4.81kb
  <-- POST /api/sku/list
  --> POST /api/sku/list 200 1ms 4.81kb
  <-- POST /api/sku/list
  --> POST /api/sku/list 200 0ms 4.81kb
  <-- POST /api/sku/list
  --> POST /api/sku/list 200 0ms 4.81kb
  <-- POST /api/sku/list
  --> POST /api/sku/list 200 1ms 4.81kb
  <-- POST /api/sku/list
  --> POST /api/sku/list 200 0ms 4.81kb
  <-- POST /api/sku/list
  --> POST /api/sku/list 200 1ms 4.81kb
  <-- POST /api/sku/list
  --> POST /api/sku/list 200 0ms 4.81kb
  <-- POST /api/sku/list
  --> POST /api/sku/list 200 1ms 4.81kb
  <-- POST /api/sku/list
  --> POST /api/sku/list 200 1ms 4.81kb
  <-- POST /api/sku/list
  --> POST /api/sku/list 200 1ms 4.81kb
  <-- POST /api/sku/list
  --> POST /api/sku/list 200 0ms 4.81kb
  <-- POST /api/sku/list
  --> POST /api/sku/list 200 1ms 4.81kb
  <-- POST /api/sku/list
  --> POST /api/sku/list 200 1ms 4.81kb
  <-- POST /api/sku/list
  --> POST /api/sku/list 200 1ms 4.81kb
  <-- POST /api/sku/list
  --> POST /api/sku/list 200 0ms 4.81kb
  <-- POST /api/sku/list
  --> POST /api/sku/list 200 1ms 4.81kb
  <-- POST /api/sku/list
  --> POST /api/sku/list 200 1ms 4.81kb
  <-- POST /api/sku/list
  --> POST /api/sku/list 200 1ms 4.81kb
  <-- POST /api/sku/list
  --> POST /api/sku/list 200 1ms 4.81kb
  <-- POST /api/sku/list
  --> POST /api/sku/list 200 1ms 4.81kb
  <-- POST /api/sku/list
  --> POST /api/sku/list 200 1ms 4.81kb
  <-- POST /api/sku/list
  --> POST /api/sku/list 200 1ms 4.81kb
  <-- POST /api/sku/list
  --> POST /api/sku/list 200 1ms 4.81kb
  <-- POST /api/sku/list
  --> POST /api/sku/list 200 1ms 4.81kb
  <-- POST /api/sku/list
  --> POST /api/sku/list 200 1ms 4.81kb
  <-- POST /api/sku/list
  --> POST /api/sku/list 200 1ms 4.81kb
  <-- POST /api/sku/list
  --> POST /api/sku/list 200 1ms 4.81kb
  <-- POST /api/sku/list
  --> POST /api/sku/list 200 1ms 4.81kb
  <-- POST /api/sku/list
  --> POST /api/sku/list 200 1ms 4.81kb
  <-- POST /api/sku/list
  --> POST /api/sku/list 200 0ms 4.81kb
  <-- POST /api/sku/list
  --> POST /api/sku/list 200 0ms 4.81kb
  <-- POST /api/sku/list
  --> POST /api/sku/list 200 1ms 4.81kb
  <-- POST /api/sku/list
  --> POST /api/sku/list 200 0ms 4.81kb
  <-- POST /api/sku/list
  --> POST /api/sku/list 200 1ms 4.81kb
  <-- POST /api/sku/list
  --> POST /api/sku/list 200 1ms 4.81kb
  <-- POST /api/sku/list
  --> POST /api/sku/list 200 1ms 4.81kb
  <-- POST /api/sku/list
  --> POST /api/sku/list 200 1ms 4.81kb
  <-- POST /api/sku/list
  --> POST /api/sku/list 200 1ms 4.81kb
  <-- POST /api/sku/list
  --> POST /api/sku/list 200 0ms 4.81kb
  <-- POST /api/sku/list
  --> POST /api/sku/list 200 0ms 4.81kb
  <-- POST /api/sku/list
  --> POST /api/sku/list 200 1ms 4.81kb
  <-- POST /api/sku/list
  --> POST /api/sku/list 200 1ms 4.81kb
  <-- POST /api/sku/list
  --> POST /api/sku/list 200 0ms 4.81kb
  <-- POST /api/sku/list
  --> POST /api/sku/list 200 1ms 4.81kb
  <-- POST /api/sku/list
  --> POST /api/sku/list 200 1ms 4.81kb
  <-- POST /api/sku/list
  --> POST /api/sku/list 200 1ms 4.81kb
  <-- POST /api/sku/list
  --> POST /api/sku/list 200 0ms 4.81kb
  <-- POST /api/sku/list
  --> POST /api/sku/list 200 1ms 4.81kb
  <-- POST /api/sku/list
  --> POST /api/sku/list 200 1ms 4.81kb
  <-- POST /api/sku/list
  --> POST /api/sku/list 200 1ms 4.81kb
  <-- POST /api/sku/list
  --> POST /api/sku/list 200 1ms 4.81kb
  <-- POST /api/sku/list
  --> POST /api/sku/list 200 1ms 4.81kb
  <-- POST /api/sku/list
  --> POST /api/sku/list 200 0ms 4.81kb
  <-- POST /api/sku/list
  --> POST /api/sku/list 200 1ms 4.81kb
  <-- POST /api/sku/list
  --> POST /api/sku/list 200 1ms 4.81kb
  <-- POST /api/sku/list
  --> POST /api/sku/list 200 0ms 4.81kb
  <-- POST /api/sku/list
  --> POST /api/sku/list 200 1ms 4.81kb
  <-- POST /api/sku/list
  --> POST /api/sku/list 200 1ms 4.81kb
  <-- POST /api/sku/list
  --> POST /api/sku/list 200 1ms 4.81kb
  <-- POST /api/sku/list
  --> POST /api/sku/list 200 1ms 4.81kb
  <-- POST /api/sku/list
  --> POST /api/sku/list 200 1ms 4.81kb
  <-- POST /api/sku/list
  --> POST /api/sku/list 200 0ms 4.81kb
  <-- POST /api/sku/list
  --> POST /api/sku/list 200 1ms 4.81kb
  <-- POST /api/sku/list
  --> POST /api/sku/list 200 1ms 4.81kb
  <-- POST /api/sku/list
  --> POST /api/sku/list 200 1ms 4.81kb
  <-- POST /api/sku/list
  --> POST /api/sku/list 200 1ms 4.81kb
  <-- POST /api/sku/list
  --> POST /api/sku/list 200 0ms 4.81kb
  <-- POST /api/sku/list
  --> POST /api/sku/list 200 0ms 4.81kb
  <-- POST /api/sku/list
  --> POST /api/sku/list 200 1ms 4.81kb
  <-- POST /api/sku/list
  --> POST /api/sku/list 200 0ms 4.81kb
  <-- POST /api/sku/list
  --> POST /api/sku/list 200 0ms 4.81kb
  <-- POST /api/sku/list
  --> POST /api/sku/list 200 2ms 4.81kb
  <-- POST /api/sku/list
  --> POST /api/sku/list 200 1ms 4.81kb
  <-- POST /api/sku/list
  --> POST /api/sku/list 200 1ms 4.81kb
  <-- POST /api/sku/list
  --> POST /api/sku/list 200 1ms 4.81kb
  <-- POST /api/sku/list
  --> POST /api/sku/list 200 1ms 4.81kb
  <-- POST /api/sku/list
  --> POST /api/sku/list 200 1ms 4.81kb
  <-- POST /api/sku/list
  --> POST /api/sku/list 200 0ms 4.81kb
  <-- POST /api/sku/list
  --> POST /api/sku/list 200 1ms 4.81kb
  <-- POST /api/sku/list
  --> POST /api/sku/list 200 1ms 4.81kb
  <-- POST /api/sku/list
  --> POST /api/sku/list 200 1ms 4.81kb
  <-- POST /api/sku/list
  --> POST /api/sku/list 200 1ms 4.81kb
  <-- POST /api/sku/list
  --> POST /api/sku/list 200 1ms 4.81kb
  <-- POST /api/sku/list
  --> POST /api/sku/list 200 1ms 4.81kb
  <-- POST /api/sku/list
  --> POST /api/sku/list 200 0ms 4.81kb
  <-- POST /api/sku/list
  --> POST /api/sku/list 200 0ms 4.81kb
  <-- POST /api/sku/list
  --> POST /api/sku/list 200 0ms 4.81kb
  <-- POST /api/sku/list
  --> POST /api/sku/list 200 1ms 4.81kb
  <-- POST /api/sku/list
  --> POST /api/sku/list 200 0ms 4.81kb
  <-- POST /api/sku/list
  --> POST /api/sku/list 200 1ms 4.81kb
  <-- POST /api/sku/list
  --> POST /api/sku/list 200 1ms 4.81kb
  <-- POST /api/sku/list
  --> POST /api/sku/list 200 0ms 4.81kb
  <-- POST /api/sku/list
  --> POST /api/sku/list 200 1ms 4.81kb
  <-- POST /api/sku/list
  --> POST /api/sku/list 200 1ms 4.81kb
  <-- POST /api/sku/list
  --> POST /api/sku/list 200 1ms 4.81kb
  <-- POST /api/sku/list
  --> POST /api/sku/list 200 1ms 4.81kb
  <-- POST /api/sku/list
  --> POST /api/sku/list 200 1ms 4.81kb
  <-- POST /api/sku/list
  --> POST /api/sku/list 200 1ms 4.81kb
  <-- POST /api/sku/list
  --> POST /api/sku/list 200 1ms 4.81kb
  <-- POST /api/sku/list
  --> POST /api/sku/list 200 1ms 4.81kb
  <-- POST /api/sku/list
  --> POST /api/sku/list 200 0ms 4.81kb
  <-- POST /api/sku/list
  --> POST /api/sku/list 200 1ms 4.81kb
  <-- POST /api/sku/list
  --> POST /api/sku/list 200 1ms 4.81kb
  <-- POST /api/sku/list
  --> POST /api/sku/list 200 0ms 4.81kb
  <-- POST /api/sku/list
  --> POST /api/sku/list 200 0ms 4.81kb
  <-- POST /api/sku/list
  --> POST /api/sku/list 200 1ms 4.81kb
  <-- POST /api/sku/list
  --> POST /api/sku/list 200 1ms 4.81kb
  <-- POST /api/sku/list
  --> POST /api/sku/list 200 0ms 4.81kb
  <-- POST /api/sku/list
  --> POST /api/sku/list 200 1ms 4.81kb
  <-- POST /api/sku/list
  --> POST /api/sku/list 200 0ms 4.81kb
  <-- POST /api/sku/list
  --> POST /api/sku/list 200 0ms 4.81kb
  <-- POST /api/sku/list
  --> POST /api/sku/list 200 0ms 4.81kb
  <-- POST /api/sku/list
  --> POST /api/sku/list 200 1ms 4.81kb
  <-- POST /api/sku/list
  --> POST /api/sku/list 200 1ms 4.81kb
  <-- POST /api/sku/list
  --> POST /api/sku/list 200 1ms 4.81kb
  <-- POST /api/sku/list
  --> POST /api/sku/list 200 1ms 4.81kb
  <-- POST /api/sku/list
  --> POST /api/sku/list 200 1ms 4.81kb
  <-- POST /api/sku/list
  --> POST /api/sku/list 200 1ms 4.81kb
  <-- POST /api/sku/list
  --> POST /api/sku/list 200 0ms 4.81kb
  <-- POST /api/sku/list
  --> POST /api/sku/list 200 1ms 4.81kb
  <-- POST /api/sku/list
  --> POST /api/sku/list 200 0ms 4.81kb
  <-- POST /api/sku/list
  --> POST /api/sku/list 200 1ms 4.81kb
  <-- POST /api/sku/list
  --> POST /api/sku/list 200 1ms 4.81kb
  <-- POST /api/sku/list
  --> POST /api/sku/list 200 1ms 4.81kb
  <-- POST /api/sku/list
  --> POST /api/sku/list 200 2ms 4.81kb
  <-- POST /api/sku/list
  --> POST /api/sku/list 200 1ms 4.81kb
  <-- POST /api/sku/list
  --> POST /api/sku/list 200 1ms 4.81kb
  <-- POST /api/sku/list
  --> POST /api/sku/list 200 1ms 4.81kb
  <-- POST /api/sku/list
  --> POST /api/sku/list 200 1ms 4.81kb
  <-- POST /api/sku/list
  --> POST /api/sku/list 200 1ms 4.81kb
  <-- POST /api/sku/list
  --> POST /api/sku/list 200 1ms 4.81kb
  <-- POST /api/sku/list
  --> POST /api/sku/list 200 1ms 4.81kb
  <-- POST /api/sku/list
  --> POST /api/sku/list 200 1ms 4.81kb
  <-- POST /api/sku/list
  --> POST /api/sku/list 200 0ms 4.81kb
  <-- POST /api/sku/list
  --> POST /api/sku/list 200 0ms 4.81kb
  <-- POST /api/sku/list
  --> POST /api/sku/list 200 1ms 4.81kb
  <-- POST /api/sku/list
  --> POST /api/sku/list 200 0ms 4.81kb
  <-- POST /api/sku/list
  --> POST /api/sku/list 200 1ms 4.81kb
  <-- POST /api/sku/list
  --> POST /api/sku/list 200 1ms 4.81kb
  <-- POST /api/sku/list
  --> POST /api/sku/list 200 1ms 4.81kb
  <-- POST /api/sku/list
  --> POST /api/sku/list 200 1ms 4.81kb
  <-- POST /api/sku/list
  --> POST /api/sku/list 200 1ms 4.81kb
  <-- POST /api/sku/list
  --> POST /api/sku/list 200 1ms 4.81kb
  <-- POST /api/sku/list
  --> POST /api/sku/list 200 0ms 4.81kb
  <-- POST /api/sku/list
  --> POST /api/sku/list 200 1ms 4.81kb
  <-- POST /api/sku/list
  --> POST /api/sku/list 200 1ms 4.81kb
  <-- POST /api/sku/list
  --> POST /api/sku/list 200 0ms 4.81kb
  <-- POST /api/sku/list
  --> POST /api/sku/list 200 1ms 4.81kb
  <-- POST /api/sku/list
  --> POST /api/sku/list 200 1ms 4.81kb
  <-- POST /api/sku/list
  --> POST /api/sku/list 200 1ms 4.81kb
  <-- POST /api/sku/list
  --> POST /api/sku/list 200 0ms 4.81kb
  <-- POST /api/sku/list
  --> POST /api/sku/list 200 1ms 4.81kb
  <-- POST /api/sku/list
  --> POST /api/sku/list 200 1ms 4.81kb
  <-- POST /api/sku/list
  --> POST /api/sku/list 200 1ms 4.81kb
  <-- POST /api/sku/list
  --> POST /api/sku/list 200 1ms 4.81kb
  <-- POST /api/sku/list
  --> POST /api/sku/list 200 0ms 4.81kb
  <-- POST /api/sku/list
  --> POST /api/sku/list 200 0ms 4.81kb
  <-- POST /api/sku/list
  --> POST /api/sku/list 200 0ms 4.81kb
  <-- POST /api/sku/list
  --> POST /api/sku/list 200 1ms 4.81kb
  <-- POST /api/sku/list
  --> POST /api/sku/list 200 1ms 4.81kb
  <-- POST /api/sku/list
  --> POST /api/sku/list 200 1ms 4.81kb
  <-- POST /api/sku/list
  --> POST /api/sku/list 200 1ms 4.81kb
  <-- POST /api/sku/list
  --> POST /api/sku/list 200 1ms 4.81kb
  <-- POST /api/sku/list
  --> POST /api/sku/list 200 1ms 4.81kb
  <-- POST /api/sku/list
  --> POST /api/sku/list 200 1ms 4.81kb
  <-- POST /api/sku/list
  --> POST /api/sku/list 200 0ms 4.81kb
  <-- POST /api/sku/list
  --> POST /api/sku/list 200 1ms 4.81kb
  <-- POST /api/sku/list
  --> POST /api/sku/list 200 1ms 4.81kb
  <-- POST /api/sku/list
  --> POST /api/sku/list 200 1ms 4.81kb
  <-- POST /api/sku/list
  --> POST /api/sku/list 200 1ms 4.81kb
  <-- POST /api/sku/list
  --> POST /api/sku/list 200 0ms 4.81kb
  <-- POST /api/sku/list
  --> POST /api/sku/list 200 1ms 4.81kb
  <-- POST /api/sku/list
  --> POST /api/sku/list 200 0ms 4.81kb
  <-- POST /api/sku/list
  --> POST /api/sku/list 200 1ms 4.81kb
  <-- POST /api/sku/list
  --> POST /api/sku/list 200 1ms 4.81kb
  <-- POST /api/sku/list
  --> POST /api/sku/list 200 1ms 4.81kb
  <-- POST /api/sku/list
  --> POST /api/sku/list 200 0ms 4.81kb
  <-- POST /api/sku/list
  --> POST /api/sku/list 200 1ms 4.81kb
  <-- POST /api/sku/list
  --> POST /api/sku/list 200 1ms 4.81kb
  <-- POST /api/sku/list
  --> POST /api/sku/list 200 1ms 4.81kb
  <-- POST /api/sku/list
  --> POST /api/sku/list 200 0ms 4.81kb
  <-- POST /api/sku/list
  --> POST /api/sku/list 200 1ms 4.81kb
  <-- POST /api/sku/list
  --> POST /api/sku/list 200 1ms 4.81kb
  <-- POST /api/sku/list
  --> POST /api/sku/list 200 1ms 4.81kb
  <-- POST /api/sku/list
  --> POST /api/sku/list 200 0ms 4.81kb
  <-- POST /api/sku/list
  --> POST /api/sku/list 200 1ms 4.81kb
  <-- POST /api/sku/list
  --> POST /api/sku/list 200 0ms 4.81kb
  <-- POST /api/sku/list
  --> POST /api/sku/list 200 1ms 4.81kb
  <-- POST /api/sku/list
  --> POST /api/sku/list 200 1ms 4.81kb
  <-- POST /api/sku/list
  --> POST /api/sku/list 200 0ms 4.81kb
  <-- POST /api/sku/list
  --> POST /api/sku/list 200 0ms 4.81kb
  <-- POST /api/sku/list
  --> POST /api/sku/list 200 1ms 4.81kb
  <-- POST /api/sku/list
  --> POST /api/sku/list 200 0ms 4.81kb
  <-- POST /api/sku/list
  --> POST /api/sku/list 200 1ms 4.81kb
  <-- POST /api/sku/list
  --> POST /api/sku/list 200 1ms 4.81kb
  <-- POST /api/sku/list
  --> POST /api/sku/list 200 1ms 4.81kb
  <-- POST /api/sku/list
  --> POST /api/sku/list 200 2ms 4.81kb
  <-- POST /api/sku/list
  --> POST /api/sku/list 200 2ms 4.81kb
  <-- POST /api/sku/list
  --> POST /api/sku/list 200 1ms 4.81kb
  <-- POST /api/sku/list
  --> POST /api/sku/list 200 1ms 4.81kb
  <-- POST /api/sku/list
  --> POST /api/sku/list 200 0ms 4.81kb
  <-- POST /api/sku/list
  --> POST /api/sku/list 200 1ms 4.81kb
  <-- POST /api/sku/list
  --> POST /api/sku/list 200 2ms 4.81kb
  <-- POST /api/sku/list
  --> POST /api/sku/list 200 1ms 4.81kb
  <-- POST /api/sku/list
  --> POST /api/sku/list 200 1ms 4.81kb
  <-- POST /api/sku/list
  --> POST /api/sku/list 200 1ms 4.81kb
  <-- POST /api/sku/list
  --> POST /api/sku/list 200 1ms 4.81kb
  <-- POST /api/sku/list
  --> POST /api/sku/list 200 0ms 4.81kb
  <-- POST /api/sku/list
  --> POST /api/sku/list 200 1ms 4.81kb
  <-- POST /api/sku/list
  --> POST /api/sku/list 200 1ms 4.81kb
  <-- POST /api/sku/list
  --> POST /api/sku/list 200 1ms 4.81kb
  <-- POST /api/sku/list
  --> POST /api/sku/list 200 0ms 4.81kb
  <-- POST /api/sku/list
  --> POST /api/sku/list 200 1ms 4.81kb
  <-- POST /api/sku/list
  --> POST /api/sku/list 200 0ms 4.81kb
  <-- POST /api/sku/list
  --> POST /api/sku/list 200 1ms 4.81kb
  <-- POST /api/sku/list
  --> POST /api/sku/list 200 0ms 4.81kb
  <-- POST /api/sku/list
  --> POST /api/sku/list 200 1ms 4.81kb
  <-- POST /api/sku/list
  --> POST /api/sku/list 200 1ms 4.81kb
  <-- POST /api/sku/list
  --> POST /api/sku/list 200 1ms 4.81kb
  <-- POST /api/sku/list
  --> POST /api/sku/list 200 1ms 4.81kb
  <-- POST /api/sku/list
  --> POST /api/sku/list 200 0ms 4.81kb
  <-- POST /api/sku/list
  --> POST /api/sku/list 200 1ms 4.81kb
  <-- POST /api/sku/list
  --> POST /api/sku/list 200 1ms 4.81kb
  <-- POST /api/sku/list
  --> POST /api/sku/list 200 0ms 4.81kb
  <-- POST /api/sku/list
  --> POST /api/sku/list 200 1ms 4.81kb
  <-- POST /api/sku/list
  --> POST /api/sku/list 200 1ms 4.81kb
  <-- POST /api/sku/list
  --> POST /api/sku/list 200 1ms 4.81kb
  <-- POST /api/sku/list
  --> POST /api/sku/list 200 0ms 4.81kb
  <-- POST /api/sku/list
  --> POST /api/sku/list 200 1ms 4.81kb
  <-- POST /api/sku/list
  --> POST /api/sku/list 200 0ms 4.81kb
  <-- POST /api/sku/list
  --> POST /api/sku/list 200 1ms 4.81kb
  <-- POST /api/sku/list
  --> POST /api/sku/list 200 1ms 4.81kb
  <-- POST /api/sku/list
  --> POST /api/sku/list 200 0ms 4.81kb
  <-- POST /api/sku/list
  --> POST /api/sku/list 200 2ms 4.81kb
  <-- POST /api/sku/list
  --> POST /api/sku/list 200 1ms 4.81kb
  <-- POST /api/sku/list
  --> POST /api/sku/list 200 0ms 4.81kb
  <-- POST /api/sku/list
  --> POST /api/sku/list 200 1ms 4.81kb
  <-- POST /api/sku/list
  --> POST /api/sku/list 200 1ms 4.81kb
  <-- POST /api/sku/list
  --> POST /api/sku/list 200 0ms 4.81kb
  <-- POST /api/sku/list
  --> POST /api/sku/list 200 1ms 4.81kb
  <-- POST /api/sku/list
  --> POST /api/sku/list 200 0ms 4.81kb
  <-- POST /api/sku/list
  --> POST /api/sku/list 200 0ms 4.81kb
  <-- POST /api/sku/list
  --> POST /api/sku/list 200 0ms 4.81kb
  <-- POST /api/sku/list
  --> POST /api/sku/list 200 0ms 4.81kb
  <-- POST /api/sku/list
  --> POST /api/sku/list 200 1ms 4.81kb
  <-- POST /api/sku/list
  --> POST /api/sku/list 200 1ms 4.81kb
  <-- POST /api/sku/list
  --> POST /api/sku/list 200 0ms 4.81kb
  <-- POST /api/sku/list
  --> POST /api/sku/list 200 1ms 4.81kb
  <-- POST /api/sku/list
  --> POST /api/sku/list 200 1ms 4.81kb
  <-- POST /api/sku/list
  --> POST /api/sku/list 200 1ms 4.81kb
  <-- POST /api/sku/list
  --> POST /api/sku/list 200 1ms 4.81kb
  <-- POST /api/sku/list
  --> POST /api/sku/list 200 1ms 4.81kb
  <-- POST /api/sku/list
  --> POST /api/sku/list 200 0ms 4.81kb
  <-- POST /api/admin/user/login
  --> POST /api/admin/user/login 404 1ms -
  <-- POST /api/admin/user/login
  --> POST /api/admin/user/login 404 1ms -
  <-- POST /api/console/user/login
  --> POST /api/console/user/login 200 5ms 224b
  <-- POST /api/sku/list
  --> POST /api/sku/list 200 1ms 4.81kb
  <-- POST /api/sku/list
  --> POST /api/sku/list 200 1ms 4.81kb
  <-- POST /api/sku/list
  --> POST /api/sku/list 200 1ms 4.81kb
  <-- POST /api/admin/sku/list
  --> POST /api/admin/sku/list 200 1ms 52b
  <-- POST /api/admin/sku/list
  --> POST /api/admin/sku/list 200 1ms 52b
  <-- POST /api/admin/sku/list
  --> POST /api/admin/sku/list 200 2ms 52b
  <-- POST /api/console/user/login
  --> POST /api/console/user/login 200 1ms 224b
  <-- POST /api/admin/sku/list
  --> POST /api/admin/sku/list 200 1ms 52b
  <-- POST /api/console/user/login
  --> POST /api/console/user/login 200 1ms 224b
  <-- POST /api/admin/sku/list
  --> POST /api/admin/sku/list 200 0ms 52b
  <-- POST /api/admin/sku/list
  --> POST /api/admin/sku/list 200 1ms 52b
  <-- POST /api/admin/sku/list
  --> POST /api/admin/sku/list 200 0ms 52b
  <-- POST /api/admin/sku/list
  --> POST /api/admin/sku/list 200 0ms 52b
  <-- POST /api/sku/list
  --> POST /api/sku/list 200 1ms 4.81kb
  <-- POST /api/sku/list
  --> POST /api/sku/list 200 1ms 4.81kb
  <-- POST /api/sku/list
  --> POST /api/sku/list 200 1ms 4.81kb
  <-- POST /api/sku/list
  --> POST /api/sku/list 200 2ms 4.81kb
  <-- POST /api/admin/sku/list
  --> POST /api/admin/sku/list 200 1ms 52b
  <-- POST /api/admin/sku/list
  --> POST /api/admin/sku/list 200 1ms 52b
  <-- POST /api/admin/sku/list
  --> POST /api/admin/sku/list 200 1ms 52b
  <-- POST /api/sku/list
  --> POST /api/sku/list 200 1ms 4.81kb
  <-- POST /api/sku/list
  --> POST /api/sku/list 200 1ms 4.81kb
  <-- POST /api/admin/sku/list
  --> POST /api/admin/sku/list 200 0ms 52b
  <-- POST /api/console/user/login
  --> POST /api/console/user/login 200 1ms 224b
  <-- POST /api/admin/sku/list
  --> POST /api/admin/sku/list 200 0ms 52b
  <-- POST /api/admin/sku/list
  --> POST /api/admin/sku/list 200 0ms 52b
  <-- POST /api/admin/sku/list
  --> POST /api/admin/sku/list 200 1ms 52b
  <-- POST /api/admin/sku/list
  --> POST /api/admin/sku/list 200 0ms 52b
  <-- POST /api/admin/sku/list
  --> POST /api/admin/sku/list 200 0ms 52b
  <-- POST /api/admin/sku/list
  --> POST /api/admin/sku/list 200 0ms 52b
  <-- POST /api/sku/list
  --> POST /api/sku/list 200 1ms 4.81kb
  <-- POST /api/sku/list
  --> POST /api/sku/list 200 1ms 4.81kb
  <-- POST /api/sku/list
  --> POST /api/sku/list 200 1ms 4.81kb
  <-- POST /api/sku/list
  --> POST /api/sku/list 200 0ms 4.81kb
  <-- POST /api/admin/sku/list
  --> POST /api/admin/sku/list 200 1ms 52b
  <-- POST /api/console/user/login
  --> POST /api/console/user/login 200 1ms 224b
  <-- POST /api/admin/sku/list
  --> POST /api/admin/sku/list 200 0ms 52b
  <-- POST /api/admin/sku/list
  --> POST /api/admin/sku/list 200 0ms 52b
  <-- POST /api/admin/sku/list
  --> POST /api/admin/sku/list 200 1ms 52b
  <-- POST /api/sku/list
  --> POST /api/sku/list 200 0ms 4.81kb
  <-- POST /api/sku/list
  --> POST /api/sku/list 200 1ms 4.81kb
  <-- POST /api/sku/list
  --> POST /api/sku/list 200 1ms 4.81kb
  <-- POST /api/sku/list
  --> POST /api/sku/list 200 1ms 4.81kb
  <-- POST /api/sku/list
  --> POST /api/sku/list 200 1ms 4.81kb
  <-- POST /api/user/login
  --> POST /api/user/login 200 2ms 67b
  <-- POST /api/user/login
  --> POST /api/user/login 200 1ms 67b
  <-- POST /api/user/login
  --> POST /api/user/login 200 1ms 67b
  <-- POST /api/user/login
  --> POST /api/user/login 200 1ms 191b
  <-- POST /api/user/login
  --> POST /api/user/login 200 1ms 191b
  <-- POST /api/user/login
  --> POST /api/user/login 200 1ms 191b
  <-- POST /api/user/login
  --> POST /api/user/login 200 2ms 67b
  <-- POST /api/user/login
  --> POST /api/user/login 200 1ms 191b
  <-- POST /api/sku/list
  --> POST /api/sku/list 200 1ms 4.81kb
  <-- POST /api/sku/list
  --> POST /api/sku/list 200 1ms 4.81kb
  <-- POST /api/user/login
  --> POST /api/user/login 200 0ms 191b
  <-- POST /api/sku/list
  --> POST /api/sku/list 200 1ms 4.81kb
  <-- POST /api/user/login
  --> POST /api/user/login 200 1ms 191b
  <-- POST /api/sku/list
  --> POST /api/sku/list 200 0ms 4.81kb
  <-- POST /api/user/login
  --> POST /api/user/login 200 1ms 191b
  <-- POST /api/sku/list
  --> POST /api/sku/list 200 1ms 4.81kb
  <-- POST /api/sku/list
  --> POST /api/sku/list 200 1ms 4.81kb
  <-- POST /api/sku/list
  --> POST /api/sku/list 200 0ms 4.81kb
  <-- POST /api/user/login
  --> POST /api/user/login 200 1ms 191b
  <-- POST /api/sku/list
  --> POST /api/sku/list 200 1ms 4.81kb
  <-- POST /api/user/login
  --> POST /api/user/login 200 1ms 191b
  <-- POST /api/sku/list
  --> POST /api/sku/list 200 1ms 4.81kb
  <-- POST /api/sku/list
  --> POST /api/sku/list 200 1ms 4.81kb
  <-- POST /api/user/login
  --> POST /api/user/login 200 1ms 191b
  <-- POST /api/user/login
  --> POST /api/user/login 200 1ms 191b
  <-- POST /api/sku/list
  --> POST /api/sku/list 200 1ms 4.81kb
  <-- POST /api/user/login
  --> POST /api/user/login 200 1ms 191b
  <-- POST /api/sku/list
  --> POST /api/sku/list 200 1ms 4.81kb
  <-- POST /api/admin/sku/list
  --> POST /api/admin/sku/list 200 0ms 52b
  <-- POST /api/admin/sku/list
  --> POST /api/admin/sku/list 200 1ms 52b
  <-- POST /api/console/user/login
  --> POST /api/console/user/login 200 1ms 224b
  <-- POST /api/console/user/login
  --> POST /api/console/user/login 200 1ms 224b
  <-- POST /api/console/user/login
  --> POST /api/console/user/login 200 1ms 224b
  <-- POST /api/console/user/login
  --> POST /api/console/user/login 200 1ms 224b
  <-- POST /api/admin/sku/list
  --> POST /api/admin/sku/list 200 0ms 52b
  <-- POST /api/console/user/login
  --> POST /api/console/user/login 200 1ms 224b
  <-- POST /api/console/user/login
  --> POST /api/console/user/login 200 1ms 224b
  <-- POST /api/console/user/login
  --> POST /api/console/user/login 200 1ms 224b
  <-- POST /api/console/user/login
  --> POST /api/console/user/login 200 0ms 224b
  <-- POST /api/admin/sku/list
  --> POST /api/admin/sku/list 200 0ms 52b
  <-- GET /api/admin/sku/list
  --> GET /api/admin/sku/list 404 1ms -
  <-- POST /api/admin/sku/list
  --> POST /api/admin/sku/list 200 1ms 52b
  <-- POST /api/console/user/login
  --> POST /api/console/user/login 200 2ms 62b
  <-- POST /api/console/user/login
  --> POST /api/console/user/login 200 1ms 224b
  <-- POST /api/admin/sku/list
  --> POST /api/admin/sku/list 200 1ms 4.81kb
  <-- POST /api/console/user/login
  --> POST /api/console/user/login 200 1ms 224b
  <-- GET /api/console/user/login
  --> GET /api/console/user/login 404 1ms -
  <-- GET /favicon.ico
  --> GET /favicon.ico 404 0ms -
  <-- POST /api/console/user/login
  --> POST /api/console/user/login 200 2ms 224b
  <-- POST /api/admin/sku/list
  --> POST /api/admin/sku/list 200 1ms 52b
  <-- POST /api/console/user/login
  --> POST /api/console/user/login 200 1ms 224b
  <-- POST /api/admin/sku/list
  --> POST /api/admin/sku/list 200 1ms 52b
  <-- POST /api/sku/list
  --> POST /api/sku/list 200 0ms 4.81kb
  <-- POST /api/sku/list
  --> POST /api/sku/list 200 0ms 4.81kb
  <-- POST /api/user/login
  --> POST /api/user/login 200 1ms 191b
  <-- POST /api/console/user/login
  --> POST /api/console/user/login 200 1ms 224b
  <-- POST /api/admin/sku/list
  --> POST /api/admin/sku/list 200 1ms 52b
  <-- POST /api/admin/sku/list
  --> POST /api/admin/sku/list 200 1ms 52b
  <-- POST /api/console/user/login
  --> POST /api/console/user/login 200 1ms 224b
  <-- POST /api/admin/sku/list
  --> POST /api/admin/sku/list 200 1ms 52b
  <-- POST /api/console/user/login
  --> POST /api/console/user/login 200 1ms 224b
  <-- POST /api/admin/sku/list
  --> POST /api/admin/sku/list 200 0ms 52b
  <-- POST /api/console/user/login
  --> POST /api/console/user/login 200 1ms 224b
  <-- POST /api/console/user/login
  --> POST /api/console/user/login 200 1ms 224b
  <-- POST /api/admin/sku/list
  --> POST /api/admin/sku/list 200 1ms 52b
  <-- POST /api/console/user/login
  --> POST /api/console/user/login 200 1ms 224b
  <-- POST /api/console/user/login
  --> POST /api/console/user/login 200 1ms 224b
  <-- POST /api/admin/sku/list
  --> POST /api/admin/sku/list 200 0ms 52b
  <-- POST /api/console/user/login
  --> POST /api/console/user/login 200 1ms 224b
  <-- POST /api/console/user/login
  --> POST /api/console/user/login 200 1ms 224b
  <-- POST /api/admin/sku/list
  --> POST /api/admin/sku/list 200 0ms 52b
  <-- POST /api/console/user/login
  --> POST /api/console/user/login 200 1ms 224b
  <-- POST /api/console/user/login
  --> POST /api/console/user/login 200 1ms 224b
  <-- POST /api/admin/sku/list
  --> POST /api/admin/sku/list 200 1ms 52b
  <-- POST /api/admin/sku/list
  --> POST /api/admin/sku/list 200 1ms 52b
  <-- POST /api/admin/sku/login
  --> POST /api/admin/sku/login 404 1ms -
  <-- POST /api/console/sku/login
  --> POST /api/console/sku/login 404 1ms -
  <-- POST /api/console/sku/login
  --> POST /api/console/sku/login 404 0ms -
  <-- POST /api/console/user/login
  --> POST /api/console/user/login 200 1ms 62b
  <-- POST /api/console/user/login
  --> POST /api/console/user/login 200 1ms 62b
  <-- POST /api/admin/user/login
  --> POST /api/admin/user/login 404 1ms -
  <-- POST /api/console/user/login
  --> POST /api/console/user/login 200 1ms 62b
  <-- POST /api/console/user/login
  --> POST /api/console/user/login 200 1ms 224b
  <-- POST /api/admin/sku/list
  --> POST /api/admin/sku/list 200 1ms 4.81kb
  <-- POST /api/console/user/login
  --> POST /api/console/user/login 200 1ms 224b
  <-- POST /api/admin/sku/list
  --> POST /api/admin/sku/list 200 0ms 52b
  <-- POST /api/admin/sku/list
  --> POST /api/admin/sku/list 200 1ms 52b
  <-- POST /api/console/user/login
  --> POST /api/console/user/login 200 1ms 224b
  <-- POST /api/admin/sku/list
  --> POST /api/admin/sku/list 200 0ms 52b
  <-- POST /api/console/user/login
  --> POST /api/console/user/login 200 1ms 224b
  <-- POST /api/console/user/login
  --> POST /api/console/user/login 200 1ms 224b
  <-- POST /api/console/user/login
  --> POST /api/console/user/login 200 1ms 224b
  <-- POST /api/admin/sku/list
  --> POST /api/admin/sku/list 200 0ms 52b
  <-- POST /api/user/login
  --> POST /api/user/login 200 1ms 191b
  <-- POST /api/sku/list
  --> POST /api/sku/list 200 1ms 4.81kb
  <-- POST /api/sku/list
  --> POST /api/sku/list 200 0ms 4.81kb
  <-- POST /api/sku/list
  --> POST /api/sku/list 200 2ms 4.81kb
  <-- POST /api/sku/list
  --> POST /api/sku/list 200 1ms 4.81kb
  <-- POST /api/sku/list
  --> POST /api/sku/list 200 0ms 4.81kb
  <-- POST /api/sku/list
  --> POST /api/sku/list 200 1ms 4.81kb
  <-- POST /api/sku/list
  --> POST /api/sku/list 200 1ms 4.81kb
  <-- POST /api/sku/list
  --> POST /api/sku/list 200 1ms 4.81kb
  <-- POST /api/sku/list
  --> POST /api/sku/list 200 1ms 4.81kb
  <-- POST /api/sku/list
  --> POST /api/sku/list 200 0ms 4.81kb
  <-- POST /api/sku/list
  --> POST /api/sku/list 200 1ms 4.81kb
  <-- POST /api/sku/list
  --> POST /api/sku/list 200 1ms 4.81kb
  <-- POST /api/sku/list
  --> POST /api/sku/list 200 0ms 4.81kb
  <-- POST /api/sku/list
  --> POST /api/sku/list 200 1ms 4.81kb
  <-- POST /api/sku/list
  --> POST /api/sku/list 200 1ms 4.81kb
  <-- POST /api/sku/list
  --> POST /api/sku/list 200 1ms 4.81kb
  <-- POST /api/sku/list
  --> POST /api/sku/list 200 1ms 4.81kb
  <-- POST /api/sku/list
  --> POST /api/sku/list 200 0ms 4.81kb
  <-- POST /api/user/login
  --> POST /api/user/login 200 1ms 191b
  <-- POST /api/sku/list
  --> POST /api/sku/list 200 1ms 4.81kb
  <-- POST /api/sku/list
  --> POST /api/sku/list 200 1ms 4.81kb
  <-- POST /api/sku/list
  --> POST /api/sku/list 200 1ms 4.81kb
  <-- POST /api/sku/list
  --> POST /api/sku/list 200 1ms 4.81kb
  <-- POST /api/sku/list
  --> POST /api/sku/list 200 1ms 4.81kb
  <-- POST /api/sku/list
  --> POST /api/sku/list 200 1ms 4.81kb
  <-- POST /api/sku/list
  --> POST /api/sku/list 200 0ms 4.81kb
  <-- POST /api/user/login
  --> POST /api/user/login 200 1ms 191b
  <-- POST /api/sku/list
  --> POST /api/sku/list 200 0ms 4.81kb
  <-- POST /api/sku/list
  --> POST /api/sku/list 200 1ms 4.81kb
  <-- POST /api/sku/list
  --> POST /api/sku/list 200 1ms 4.81kb
  <-- POST /api/sku/list
  --> POST /api/sku/list 200 0ms 4.81kb
  <-- POST /api/sku/list
  --> POST /api/sku/list 200 1ms 4.81kb
  <-- POST /api/sku/list
  --> POST /api/sku/list 200 1ms 4.81kb
  <-- POST /api/sku/list
  --> POST /api/sku/list 200 1ms 4.81kb
  <-- POST /api/sku/list
  --> POST /api/sku/list 200 0ms 4.81kb
  <-- POST /api/sku/list
  --> POST /api/sku/list 200 0ms 4.81kb
  <-- POST /api/sku/list
  --> POST /api/sku/list 200 1ms 4.81kb
  <-- POST /api/sku/list
  --> POST /api/sku/list 200 1ms 4.81kb
  <-- POST /api/sku/list
  --> POST /api/sku/list 200 1ms 4.81kb
  <-- POST /api/sku/list
  --> POST /api/sku/list 200 1ms 4.81kb
  <-- POST /api/sku/list
  --> POST /api/sku/list 200 1ms 4.81kb
  <-- POST /api/sku/list
  --> POST /api/sku/list 200 0ms 4.81kb
  <-- POST /api/sku/list
  --> POST /api/sku/list 200 1ms 4.81kb
  <-- POST /api/user/login
  --> POST /api/user/login 200 1ms 191b
  <-- POST /api/sku/list
  --> POST /api/sku/list 200 1ms 4.81kb
  <-- POST /api/sku/list
  --> POST /api/sku/list 200 0ms 4.81kb
  <-- POST /api/sku/list
  --> POST /api/sku/list 200 1ms 4.81kb
  <-- POST /api/sku/list
  --> POST /api/sku/list 200 1ms 4.81kb
  <-- POST /api/sku/list
  --> POST /api/sku/list 200 1ms 4.81kb
  <-- POST /api/sku/list
  --> POST /api/sku/list 200 1ms 4.81kb
  <-- POST /api/sku/list
  --> POST /api/sku/list 200 1ms 4.81kb
  <-- POST /api/sku/list
  --> POST /api/sku/list 200 1ms 4.81kb
  <-- POST /api/sku/list
  --> POST /api/sku/list 200 1ms 4.81kb
  <-- POST /api/sku/list
  --> POST /api/sku/list 200 1ms 4.81kb
  <-- POST /api/sku/list
  --> POST /api/sku/list 200 1ms 4.81kb
  <-- POST /api/sku/list
  --> POST /api/sku/list 200 1ms 4.81kb
  <-- POST /api/user/login
  --> POST /api/user/login 200 1ms 191b
  <-- POST /api/sku/list
  --> POST /api/sku/list 200 1ms 4.81kb
  <-- POST /api/sku/list
  --> POST /api/sku/list 200 1ms 4.81kb
  <-- POST /api/sku/list
  --> POST /api/sku/list 200 0ms 4.81kb
  <-- POST /api/sku/list
  --> POST /api/sku/list 200 1ms 4.81kb
  <-- POST /api/sku/list
  --> POST /api/sku/list 200 1ms 4.81kb
  <-- POST /api/sku/list
  --> POST /api/sku/list 200 1ms 4.81kb
  <-- POST /api/sku/list
  --> POST /api/sku/list 200 1ms 4.81kb
  <-- POST /api/sku/list
  --> POST /api/sku/list 200 2ms 4.81kb
  <-- POST /api/sku/list
  --> POST /api/sku/list 200 0ms 4.81kb
  <-- POST /api/sku/list
  --> POST /api/sku/list 200 1ms 4.81kb
  <-- POST /api/sku/list
  --> POST /api/sku/list 200 1ms 4.81kb
  <-- POST /api/sku/list
  --> POST /api/sku/list 200 1ms 4.81kb
  <-- POST /api/sku/list
  --> POST /api/sku/list 200 1ms 4.81kb
  <-- POST /api/sku/list
  --> POST /api/sku/list 200 0ms 4.81kb
  <-- POST /api/user/login
  --> POST /api/user/login 200 1ms 191b
  <-- POST /api/sku/list
  --> POST /api/sku/list 200 1ms 4.81kb
  <-- POST /api/user/login
  --> POST /api/user/login 200 1ms 191b
  <-- POST /api/user/login
  --> POST /api/user/login 200 1ms 191b
  <-- POST /api/user/login
  --> POST /api/user/login 200 1ms 191b
  <-- POST /api/sku/list
  --> POST /api/sku/list 200 1ms 4.81kb
  <-- POST /api/user/login
  --> POST /api/user/login 200 1ms 191b
  <-- POST /api/sku/list
  --> POST /api/sku/list 200 1ms 4.81kb
  <-- POST /api/sku/list
  --> POST /api/sku/list 200 0ms 4.81kb
  <-- POST /api/sku/list
  --> POST /api/sku/list 200 1ms 4.81kb
  <-- POST /api/sku/list
  --> POST /api/sku/list 200 0ms 4.81kb
  <-- POST /api/user/login
  --> POST /api/user/login 200 1ms 191b
  <-- POST /
  --> POST / 404 0ms -
  <-- POST /api/cart/list
  --> POST /api/cart/list 200 1ms 52b
  <-- POST /api/cart/list
  --> POST /api/cart/list 200 1ms 52b
  <-- POST /api/cart/list
  --> POST /api/cart/list 200 0ms 52b
  <-- POST /api/sku/list
  --> POST /api/sku/list 200 1ms 4.81kb
  <-- POST /api/cart/list
  --> POST /api/cart/list 200 1ms 52b
  <-- POST /api/cart/list
  --> POST /api/cart/list 200 1ms 52b
  <-- POST /api/cart/list
  --> POST /api/cart/list 200 1ms 52b
  <-- POST /api/cart/list
  --> POST /api/cart/list 200 0ms 52b
  <-- POST /api/cart/list
  --> POST /api/cart/list 200 1ms 52b
  <-- POST /api/cart/list
  --> POST /api/cart/list 200 0ms 52b
  <-- POST /api/user/login
  --> POST /api/user/login 200 1ms 191b
  <-- POST /api/cart/list
  --> POST /api/cart/list 200 1ms 52b
  <-- POST /api/cart/list
  --> POST /api/cart/list 200 1ms 52b
  <-- POST /api/cart/list
  --> POST /api/cart/list 200 1ms 52b
  <-- POST /api/sku/list
  --> POST /api/sku/list 200 0ms 4.81kb
  <-- POST /api/cart/list
  --> POST /api/cart/list 200 1ms 52b
  <-- POST /api/sku/list
  --> POST /api/sku/list 200 1ms 4.81kb
  <-- POST /api/cart/list
  --> POST /api/cart/list 200 1ms 52b
  <-- POST /api/cart/list
  --> POST /api/cart/list 200 1ms 52b
  <-- POST /api/sku/list
  --> POST /api/sku/list 200 1ms 4.81kb
  <-- POST /api/cart/list
  --> POST /api/cart/list 200 0ms 52b
  <-- POST /api/cart/list
  --> POST /api/cart/list 200 1ms 52b
  <-- POST /api/sku/list
  --> POST /api/sku/list 200 1ms 4.81kb
  <-- POST /api/cart/list
  --> POST /api/cart/list 200 1ms 52b
  <-- POST /api/cart/list
  --> POST /api/cart/list 200 0ms 52b
  <-- POST /api/sku/list
  --> POST /api/sku/list 200 1ms 4.81kb
  <-- POST /api/cart/list
  --> POST /api/cart/list 200 1ms 52b
  <-- POST /api/sku/list
  --> POST /api/sku/list 200 0ms 4.81kb
  <-- POST /api/cart/list
  --> POST /api/cart/list 200 0ms 52b
  <-- POST /api/cart/list
  --> POST /api/cart/list 200 1ms 52b
  <-- POST /api/sku/list
  --> POST /api/sku/list 200 1ms 4.81kb
  <-- POST /api/cart/list
  --> POST /api/cart/list 200 0ms 52b
  <-- POST /api/sku/list
  --> POST /api/sku/list 200 1ms 4.81kb
  <-- POST /api/cart/list
  --> POST /api/cart/list 200 1ms 52b
  <-- POST /api/sku/list
  --> POST /api/sku/list 200 1ms 4.81kb
  <-- POST /api/cart/list
  --> POST /api/cart/list 200 0ms 52b
  <-- POST /api/sku/list
  --> POST /api/sku/list 200 1ms 4.81kb
  <-- POST /api/user/login
  --> POST /api/user/login 200 1ms 62b
  <-- POST /api/user/login
  --> POST /api/user/login 200 1ms 191b
  <-- POST /api/cart/list
  --> POST /api/cart/list 200 1ms 2.82kb
  <-- POST /api/cart/list
  --> POST /api/cart/list 200 0ms 52b
  <-- POST /api/cart/list
  --> POST /api/cart/list 200 0ms 52b
  <-- POST /api/cart/list
  --> POST /api/cart/list 200 1ms 52b
  <-- POST /api/cart/list
  --> POST /api/cart/list 200 1ms 52b
  <-- POST /api/user/login
  --> POST /api/user/login 200 1ms 191b
  <-- POST /api/cart/list
  --> POST /api/cart/list 200 1ms 52b
  <-- POST /api/cart/list
  --> POST /api/cart/list 200 1ms 52b
  <-- POST /api/cart/list
  --> POST /api/cart/list 200 1ms 52b
  <-- POST /api/cart/list
  --> POST /api/cart/list 200 1ms 52b
  <-- POST /api/cart/list
  --> POST /api/cart/list 200 0ms 52b
  <-- POST /api/cart/list
  --> POST /api/cart/list 200 0ms 52b
  <-- POST /api/cart/list
  --> POST /api/cart/list 200 1ms 52b
  <-- POST /api/cart/list
  --> POST /api/cart/list 200 1ms 52b
  <-- POST /api/sku/list
  --> POST /api/sku/list 200 1ms 4.81kb
  <-- POST /api/cart/list
  --> POST /api/cart/list 200 1ms 52b
  <-- POST /api/sku/list
  --> POST /api/sku/list 200 1ms 4.81kb
  <-- POST /api/cart/list
  --> POST /api/cart/list 200 1ms 52b
  <-- POST /api/sku/list
  --> POST /api/sku/list 200 0ms 4.81kb
  <-- POST /api/sku/list
  --> POST /api/sku/list 200 1ms 4.81kb
  <-- POST /api/cart/list
  --> POST /api/cart/list 200 1ms 52b
  <-- POST /api/cart/list
  --> POST /api/cart/list 200 0ms 52b
  <-- POST /api/cart/list
  --> POST /api/cart/list 200 1ms 52b
  <-- POST /api/cart/list
  --> POST /api/cart/list 200 0ms 52b
  <-- POST /api/cart/list
  --> POST /api/cart/list 200 1ms 52b
  <-- POST /api/cart/list
  --> POST /api/cart/list 200 1ms 52b
  <-- POST /api/cart/list
  --> POST /api/cart/list 200 1ms 52b
  <-- POST /api/sku/list
  --> POST /api/sku/list 200 0ms 4.81kb
  <-- POST /api/cart/list
  --> POST /api/cart/list 200 1ms 52b
  <-- POST /api/sku/list
  --> POST /api/sku/list 200 1ms 4.81kb
  <-- POST /api/sku/list
  --> POST /api/sku/list 200 1ms 4.81kb
  <-- POST /api/sku/list
  --> POST /api/sku/list 200 0ms 4.81kb
  <-- POST /api/sku/list
  --> POST /api/sku/list 200 0ms 4.81kb
  <-- POST /api/sku/list
  --> POST /api/sku/list 200 1ms 4.81kb
  <-- POST /api/sku/list
  --> POST /api/sku/list 200 1ms 4.81kb
  <-- POST /api/sku/list
  --> POST /api/sku/list 200 1ms 4.81kb
  <-- POST /api/sku/list
  --> POST /api/sku/list 200 1ms 4.81kb
  <-- POST /api/sku/list
  --> POST /api/sku/list 200 1ms 4.81kb
  <-- POST /api/sku/list
  --> POST /api/sku/list 200 1ms 4.81kb
  <-- POST /api/sku/list
  --> POST /api/sku/list 200 1ms 4.81kb
  <-- POST /api/sku/list
  --> POST /api/sku/list 200 0ms 4.81kb
  <-- POST /api/sku/list
  --> POST /api/sku/list 200 1ms 4.81kb
  <-- POST /api/sku/list
  --> POST /api/sku/list 200 0ms 4.81kb
  <-- POST /api/sku/list
  --> POST /api/sku/list 200 1ms 4.81kb
  <-- POST /api/sku/list
  --> POST /api/sku/list 200 1ms 4.81kb
  <-- POST /api/sku/list
  --> POST /api/sku/list 200 0ms 4.81kb
  <-- POST /api/sku/list
  --> POST /api/sku/list 200 0ms 4.81kb
  <-- POST /api/sku/list
  --> POST /api/sku/list 200 1ms 4.81kb
  <-- POST /api/sku/list
  --> POST /api/sku/list 200 1ms 4.81kb
  <-- POST /api/sku/list
  --> POST /api/sku/list 200 0ms 4.81kb
  <-- POST /api/sku/list
  --> POST /api/sku/list 200 1ms 4.81kb
  <-- POST /api/sku/list
  --> POST /api/sku/list 200 1ms 4.81kb
  <-- POST /api/sku/list
  --> POST /api/sku/list 200 1ms 4.81kb
  <-- POST /api/sku/list
  --> POST /api/sku/list 200 1ms 4.81kb
  <-- POST /api/sku/list
  --> POST /api/sku/list 200 1ms 4.81kb
  <-- POST /api/sku/list
  --> POST /api/sku/list 200 1ms 4.81kb
  <-- POST /api/sku/list
  --> POST /api/sku/list 200 1ms 4.81kb
  <-- POST /api/sku/list
  --> POST /api/sku/list 200 1ms 4.81kb
  <-- POST /api/sku/list
  --> POST /api/sku/list 200 1ms 4.81kb
  <-- POST /api/sku/list
  --> POST /api/sku/list 200 1ms 4.81kb
  <-- POST /api/sku/list
  --> POST /api/sku/list 200 0ms 4.81kb
  <-- POST /api/sku/list
  --> POST /api/sku/list 200 1ms 4.81kb
  <-- POST /api/sku/list
  --> POST /api/sku/list 200 0ms 4.81kb
  <-- POST /api/sku/list
  --> POST /api/sku/list 200 0ms 4.81kb
  <-- POST /api/sku/list
  --> POST /api/sku/list 200 1ms 4.81kb
  <-- POST /api/sku/list
  --> POST /api/sku/list 200 0ms 4.81kb
  <-- POST /api/sku/list
  --> POST /api/sku/list 200 0ms 4.81kb
  <-- POST /api/sku/list
  --> POST /api/sku/list 200 1ms 4.81kb
  <-- POST /api/sku/list
  --> POST /api/sku/list 200 1ms 4.81kb
  <-- POST /api/sku/list
  --> POST /api/sku/list 200 1ms 4.81kb
  <-- POST /api/sku/list
  --> POST /api/sku/list 200 1ms 4.81kb
  <-- POST /api/sku/list
  --> POST /api/sku/list 200 0ms 4.81kb
  <-- POST /api/sku/list
  --> POST /api/sku/list 200 1ms 4.81kb
  <-- POST /api/sku/list
  --> POST /api/sku/list 200 1ms 4.81kb
  <-- POST /api/sku/list
  --> POST /api/sku/list 200 1ms 4.81kb
  <-- POST /api/sku/list
  --> POST /api/sku/list 200 1ms 4.81kb
  <-- POST /api/cart/list
  --> POST /api/cart/list 200 1ms 52b
  <-- POST /api/sku/list
  --> POST /api/sku/list 200 0ms 4.81kb
  <-- POST /api/cart/list
  --> POST /api/cart/list 200 0ms 52b
  <-- POST /api/sku/list
  --> POST /api/sku/list 200 1ms 4.81kb
  <-- POST /api/sku/list
  --> POST /api/sku/list 200 0ms 4.81kb
  <-- POST /api/sku/list
  --> POST /api/sku/list 200 1ms 4.81kb
  <-- POST /api/sku/list
  --> POST /api/sku/list 200 1ms 4.81kb
  <-- POST /api/cart/list
  --> POST /api/cart/list 200 0ms 52b
  <-- POST /api/cart/list
  --> POST /api/cart/list 200 1ms 52b
  <-- POST /api/cart/list
  --> POST /api/cart/list 200 1ms 52b
  <-- POST /api/cart/list
  --> POST /api/cart/list 200 0ms 52b
  <-- POST /api/cart/list
  --> POST /api/cart/list 200 1ms 52b
  <-- POST /api/cart/list
  --> POST /api/cart/list 200 0ms 52b
  <-- POST /api/cart/list
  --> POST /api/cart/list 200 1ms 52b
  <-- POST /api/cart/list
  --> POST /api/cart/list 200 1ms 52b
  <-- POST /api/cart/list
  --> POST /api/cart/list 200 0ms 52b
  <-- POST /api/cart/list
  --> POST /api/cart/list 200 1ms 52b
  <-- POST /api/cart/list
  --> POST /api/cart/list 200 0ms 52b
  <-- POST /api/cart/list
  --> POST /api/cart/list 200 1ms 52b
  <-- POST /api/cart/list
  --> POST /api/cart/list 200 0ms 52b
  <-- POST /api/cart/list
  --> POST /api/cart/list 200 1ms 52b
  <-- POST /api/cart/list
  --> POST /api/cart/list 200 1ms 52b
  <-- POST /api/cart/list
  --> POST /api/cart/list 200 1ms 52b
  <-- POST /api/cart/list
  --> POST /api/cart/list 200 0ms 52b
  <-- POST /api/cart/list
  --> POST /api/cart/list 200 1ms 52b
  <-- POST /api/cart/list
  --> POST /api/cart/list 200 0ms 52b
  <-- POST /api/cart/list
  --> POST /api/cart/list 200 0ms 52b
  <-- POST /api/cart/list
  --> POST /api/cart/list 200 1ms 52b
  <-- POST /api/cart/list
  --> POST /api/cart/list 200 0ms 52b
  <-- POST /api/cart/list
  --> POST /api/cart/list 200 1ms 52b
  <-- POST /api/cart/list
  --> POST /api/cart/list 200 0ms 52b
  <-- POST /api/cart/list
  --> POST /api/cart/list 200 0ms 52b
  <-- POST /api/cart/list
  --> POST /api/cart/list 200 0ms 52b
  <-- POST /api/cart/list
  --> POST /api/cart/list 200 1ms 52b
  <-- POST /api/cart/list
  --> POST /api/cart/list 200 1ms 52b
  <-- POST /api/cart/list
  --> POST /api/cart/list 200 0ms 52b
  <-- POST /api/cart/list
  --> POST /api/cart/list 200 0ms 52b
  <-- POST /api/cart/list
  --> POST /api/cart/list 200 0ms 52b
  <-- POST /api/cart/list
  --> POST /api/cart/list 200 0ms 52b
  <-- POST /api/sku/list
  --> POST /api/sku/list 200 1ms 4.81kb
  <-- POST /api/user/login
  --> POST /api/user/login 200 0ms 67b
  <-- POST /api/user/login
  --> POST /api/user/login 200 1ms 67b
  <-- POST /api/user/login
  --> POST /api/user/login 200 1ms 191b
  <-- POST /api/cart/list
  --> POST /api/cart/list 200 1ms 52b
  <-- POST /api/sku/list
  --> POST /api/sku/list 200 1ms 4.81kb
  <-- POST /api/cart/list
  --> POST /api/cart/list 200 1ms 52b
  <-- POST /api/cart/list
  --> POST /api/cart/list 200 0ms 52b
  <-- POST /api/sku/list
  --> POST /api/sku/list 200 1ms 4.81kb
  <-- POST /api/sku/list
  --> POST /api/sku/list 200 1ms 4.81kb
  <-- POST /api/sku/list
  --> POST /api/sku/list 200 1ms 4.81kb
  <-- POST /api/cart/list
  --> POST /api/cart/list 200 0ms 52b
  <-- POST /api/sku/list
  --> POST /api/sku/list 200 1ms 4.81kb
  <-- POST /api/sku/list
  --> POST /api/sku/list 200 0ms 4.81kb
  <-- POST /api/cart/list
  --> POST /api/cart/list 200 0ms 52b
  <-- POST /api/sku/list
  --> POST /api/sku/list 200 0ms 4.81kb
  <-- POST /api/cart/list
  --> POST /api/cart/list 200 1ms 52b
  <-- POST /api/sku/list
  --> POST /api/sku/list 200 0ms 4.81kb
  <-- POST /api/cart/list
  --> POST /api/cart/list 200 1ms 52b
  <-- POST /api/cart/list
  --> POST /api/cart/list 200 1ms 52b
  <-- POST /api/sku/list
  --> POST /api/sku/list 200 0ms 4.81kb
  <-- POST /api/cart/list
  --> POST /api/cart/list 200 1ms 52b
  <-- POST /api/cart/list
  --> POST /api/cart/list 200 1ms 52b
  <-- POST /api/sku/list
  --> POST /api/sku/list 200 1ms 4.81kb
  <-- POST /api/cart/list
  --> POST /api/cart/list 200 0ms 52b
  <-- POST /api/sku/list
  --> POST /api/sku/list 200 1ms 4.81kb
  <-- POST /api/cart/list
  --> POST /api/cart/list 200 1ms 52b
  <-- POST /api/sku/list
  --> POST /api/sku/list 200 0ms 4.81kb
  <-- POST /api/cart/list
  --> POST /api/cart/list 200 1ms 52b
  <-- POST /api/cart/list
  --> POST /api/cart/list 200 0ms 52b
  <-- POST /api/sku/list
  --> POST /api/sku/list 200 1ms 4.81kb
  <-- POST /api/sku/list
  --> POST /api/sku/list 200 1ms 4.81kb
  <-- POST /api/sku/list
  --> POST /api/sku/list 200 1ms 4.81kb
  <-- POST /api/sku/list
  --> POST /api/sku/list 200 0ms 4.81kb
  <-- POST /api/sku/list
  --> POST /api/sku/list 200 1ms 4.81kb
  <-- POST /api/sku/list
  --> POST /api/sku/list 200 1ms 4.81kb
  <-- POST /api/sku/list
  --> POST /api/sku/list 200 1ms 4.81kb
  <-- POST /api/cart/list
  --> POST /api/cart/list 200 1ms 52b
  <-- POST /api/user/login
  --> POST /api/user/login 200 1ms 191b
  <-- POST /api/cart/list
  --> POST /api/cart/list 200 1ms 52b
  <-- POST /api/sku/list
  --> POST /api/sku/list 200 1ms 4.81kb
  <-- POST /api/cart/list
  --> POST /api/cart/list 200 1ms 52b
  <-- POST /api/sku/list
  --> POST /api/sku/list 200 1ms 4.81kb
  <-- POST /api/sku/list
  --> POST /api/sku/list 200 1ms 4.81kb
  <-- POST /api/sku/list
  --> POST /api/sku/list 200 0ms 4.81kb
  <-- POST /api/sku/list
  --> POST /api/sku/list 200 0ms 4.81kb
  <-- POST /api/cart/list
  --> POST /api/cart/list 200 1ms 52b
  <-- POST /api/cart/list
  --> POST /api/cart/list 200 0ms 52b
  <-- POST /api/cart/list
  --> POST /api/cart/list 200 1ms 52b
  <-- POST /api/user/login
  --> POST /api/user/login 200 2ms 191b
  <-- POST /api/cart/list
  --> POST /api/cart/list 200 0ms 52b
  <-- POST /api/cart/list
  --> POST /api/cart/list 200 0ms 52b
  <-- POST /api/sku/list
  --> POST /api/sku/list 200 1ms 4.81kb
  <-- POST /api/sku/list
  --> POST /api/sku/list 200 1ms 4.81kb
  <-- POST /api/sku/list
  --> POST /api/sku/list 200 0ms 4.81kb
  <-- POST /api/sku/list
  --> POST /api/sku/list 200 0ms 4.81kb
  <-- POST /api/sku/list
  --> POST /api/sku/list 200 0ms 4.81kb
  <-- POST /api/sku/list
  --> POST /api/sku/list 200 0ms 4.81kb
  <-- POST /api/sku/list
  --> POST /api/sku/list 200 0ms 4.81kb
  <-- POST /api/sku/list
  --> POST /api/sku/list 200 1ms 4.81kb
  <-- POST /api/sku/list
  --> POST /api/sku/list 200 0ms 4.81kb
  <-- POST /api/sku/list
  --> POST /api/sku/list 200 1ms 4.81kb
  <-- POST /api/sku/list
  --> POST /api/sku/list 200 1ms 4.81kb
  <-- POST /api/cart/list
  --> POST /api/cart/list 200 0ms 52b
  <-- POST /api/sku/list
  --> POST /api/sku/list 200 0ms 4.81kb
  <-- POST /api/sku/list
  --> POST /api/sku/list 200 0ms 4.81kb
  <-- POST /api/sku/list
  --> POST /api/sku/list 200 1ms 4.81kb
  <-- POST /api/sku/list
  --> POST /api/sku/list 200 1ms 4.81kb
  <-- POST /api/sku/list
  --> POST /api/sku/list 200 1ms 4.81kb
  <-- POST /api/user/login
  --> POST /api/user/login 200 2ms 191b
  <-- POST /api/cart/list
  --> POST /api/cart/list 200 1ms 52b
  <-- POST /api/sku/list
  --> POST /api/sku/list 200 0ms 4.81kb
  <-- POST /api/sku/list
  --> POST /api/sku/list 200 0ms 4.81kb
  <-- POST /api/sku/list
  --> POST /api/sku/list 200 1ms 4.81kb
  <-- POST /api/sku/list
  --> POST /api/sku/list 200 0ms 4.81kb
  <-- POST /api/cart/list
  --> POST /api/cart/list 200 1ms 52b
  <-- POST /api/cart/list
  --> POST /api/cart/list 200 1ms 52b
  <-- POST /api/sku/list
  --> POST /api/sku/list 200 0ms 4.81kb
  <-- POST /api/cart/list
  --> POST /api/cart/list 200 1ms 52b
  <-- POST /api/sku/list
  --> POST /api/sku/list 200 1ms 4.81kb
  <-- POST /api/sku/list
  --> POST /api/sku/list 200 1ms 4.81kb
  <-- POST /api/cart/list
  --> POST /api/cart/list 200 0ms 52b
  <-- POST /api/sku/list
  --> POST /api/sku/list 200 1ms 4.81kb
  <-- POST /api/sku/list
  --> POST /api/sku/list 200 1ms 4.81kb
  <-- POST /api/cart/list
  --> POST /api/cart/list 200 0ms 52b
  <-- POST /api/sku/list
  --> POST /api/sku/list 200 1ms 4.81kb
  <-- POST /api/user/login
  --> POST /api/user/login 200 1ms 191b
  <-- GET /
  --> GET / 404 0ms -
  <-- OPTIONS /
  --> OPTIONS / 404 0ms -
  <-- GET /nice%20ports%2C/Tri%6Eity.txt%2ebak
  --> GET /nice%20ports%2C/Tri%6Eity.txt%2ebak 404 1ms -
  <-- GET /
  --> GET / 404 0ms -
  <-- GET /favicon.ico
  --> GET /favicon.ico 404 1ms -
  <-- POST /api/sku/list
  --> POST /api/sku/list 200 1ms 4.81kb
  <-- POST /api/cart/list
  --> POST /api/cart/list 200 1ms 52b
  <-- POST /api/cart/list
  --> POST /api/cart/list 200 0ms 52b
  <-- POST /api/sku/list
  --> POST /api/sku/list 200 1ms 4.81kb
  <-- POST /api/sku/list
  --> POST /api/sku/list 200 1ms 4.81kb
  <-- POST /api/sku/list
  --> POST /api/sku/list 200 0ms 4.81kb
  <-- POST /api/sku/list
  --> POST /api/sku/list 200 1ms 4.81kb
  <-- POST /api/sku/list
  --> POST /api/sku/list 200 1ms 4.81kb
  <-- POST /api/sku/list
  --> POST /api/sku/list 200 1ms 4.81kb
  <-- POST /api/sku/list
  --> POST /api/sku/list 200 1ms 4.81kb
  <-- POST /api/sku/list
  --> POST /api/sku/list 200 1ms 4.81kb
  <-- POST /api/sku/list
  --> POST /api/sku/list 200 1ms 4.81kb
  <-- POST /api/sku/list
  --> POST /api/sku/list 200 0ms 4.81kb
  <-- POST /api/sku/list
  --> POST /api/sku/list 200 1ms 4.81kb
  <-- POST /api/sku/list
  --> POST /api/sku/list 200 1ms 4.81kb
  <-- POST /api/sku/list
  --> POST /api/sku/list 200 1ms 4.81kb
  <-- POST /api/sku/list
  --> POST /api/sku/list 200 1ms 4.81kb
  <-- POST /api/sku/info
  --> POST /api/sku/info 200 1ms 56b
  <-- POST /api/sku/info
  --> POST /api/sku/info 200 1ms 56b
  <-- POST /api/sku/list
  --> POST /api/sku/list 200 1ms 4.81kb
  <-- POST /api/sku/list
  --> POST /api/sku/list 200 0ms 4.81kb
  <-- POST /api/sku/info
  --> POST /api/sku/info 200 1ms 791b
  <-- POST /api/sku/info
  --> POST /api/sku/info 200 1ms 791b
  <-- POST /api/sku/info
  --> POST /api/sku/info 200 1ms 791b
  <-- POST /api/sku/info
  --> POST /api/sku/info 200 1ms 791b
  <-- POST /api/sku/info
  --> POST /api/sku/info 200 0ms 791b
  <-- POST /api/sku/info
  --> POST /api/sku/info 200 1ms 791b
  <-- POST /api/sku/info
  --> POST /api/sku/info 200 1ms 791b
  <-- POST /api/sku/info
  --> POST /api/sku/info 200 1ms 791b
  <-- POST /api/sku/info
  --> POST /api/sku/info 200 1ms 791b
  <-- POST /api/sku/info
  --> POST /api/sku/info 200 1ms 791b
  <-- POST /api/sku/info
  --> POST /api/sku/info 200 1ms 791b
  <-- POST /api/sku/info
  --> POST /api/sku/info 200 0ms 791b
  <-- POST /api/sku/info
  --> POST /api/sku/info 200 1ms 791b
  <-- POST /api/sku/list
  --> POST /api/sku/list 200 1ms 4.81kb
  <-- POST /api/sku/info
  --> POST /api/sku/info 200 0ms 791b
  <-- POST /api/sku/list
  --> POST /api/sku/list 200 1ms 4.81kb
  <-- POST /api/sku/info
  --> POST /api/sku/info 200 1ms 1.06kb
  <-- POST /api/sku/info
  --> POST /api/sku/info 200 1ms 1.06kb
  <-- POST /api/sku/info
  --> POST /api/sku/info 200 0ms 1.06kb
  <-- POST /api/sku/info
  --> POST /api/sku/info 200 0ms 1.06kb
  <-- POST /api/sku/info
  --> POST /api/sku/info 200 1ms 1.06kb
  <-- POST /api/sku/info
  --> POST /api/sku/info 200 1ms 1.06kb
  <-- POST /api/sku/info
  --> POST /api/sku/info 200 1ms 56b
  <-- POST /api/sku/info
  --> POST /api/sku/info 200 0ms 1.06kb
  <-- POST /api/sku/info
  --> POST /api/sku/info 200 1ms 1.06kb
  <-- POST /api/sku/info
  --> POST /api/sku/info 200 1ms 1.06kb
  <-- POST /api/sku/info
  --> POST /api/sku/info 200 1ms 1.06kb
  <-- POST /api/sku/info
  --> POST /api/sku/info 200 0ms 1.06kb
  <-- POST /api/sku/info
  --> POST /api/sku/info 200 1ms 1.06kb
  <-- POST /api/sku/info
  --> POST /api/sku/info 200 1ms 1.06kb
  <-- POST /api/sku/info
  --> POST /api/sku/info 200 0ms 1.06kb
  <-- POST /api/sku/info
  --> POST /api/sku/info 200 0ms 1.06kb
  <-- POST /api/sku/info
  --> POST /api/sku/info 200 1ms 1.06kb
  <-- POST /api/sku/info
  --> POST /api/sku/info 200 1ms 1.06kb
  <-- POST /api/sku/info
  --> POST /api/sku/info 200 1ms 1.06kb
  <-- POST /api/sku/info
  --> POST /api/sku/info 200 1ms 1.06kb
  <-- POST /api/sku/info
  --> POST /api/sku/info 200 0ms 1.06kb
  <-- POST /api/sku/info
  --> POST /api/sku/info 200 0ms 1.06kb
  <-- POST /api/sku/info
  --> POST /api/sku/info 200 0ms 1.06kb
  <-- POST /api/sku/list
  --> POST /api/sku/list 200 0ms 4.81kb
  <-- POST /api/sku/info
  --> POST /api/sku/info 200 1ms 1.06kb
  <-- POST /api/sku/info
  --> POST /api/sku/info 200 1ms 1.06kb
  <-- POST /api/sku/list
  --> POST /api/sku/list 200 1ms 4.81kb
  <-- POST /api/sku/info
  --> POST /api/sku/info 200 1ms 791b
  <-- POST /api/sku/list
  --> POST /api/sku/list 200 1ms 4.81kb
  <-- POST /api/sku/info
  --> POST /api/sku/info 200 1ms 1.03kb
  <-- POST /api/sku/list
  --> POST /api/sku/list 200 1ms 4.81kb
  <-- POST /api/sku/info
  --> POST /api/sku/info 200 1ms 1.03kb
  <-- POST /api/sku/list
  --> POST /api/sku/list 200 0ms 4.81kb
  <-- POST /api/sku/info
  --> POST /api/sku/info 200 1ms 1.03kb
  <-- POST /api/sku/list
  --> POST /api/sku/list 200 1ms 4.81kb
  <-- POST /api/sku/list
  --> POST /api/sku/list 200 1ms 4.81kb
  <-- POST /api/sku/list
  --> POST /api/sku/list 200 1ms 4.81kb
  <-- POST /api/sku/info
  --> POST /api/sku/info 200 1ms 1.03kb
  <-- POST /api/sku/list
  --> POST /api/sku/list 200 1ms 4.81kb
  <-- POST /api/sku/info
  --> POST /api/sku/info 200 1ms 791b
  <-- POST /api/sku/list
  --> POST /api/sku/list 200 1ms 4.81kb
  <-- POST /api/sku/info
  --> POST /api/sku/info 200 1ms 1.06kb
  <-- POST /api/sku/list
  --> POST /api/sku/list 200 0ms 4.81kb
  <-- POST /api/sku/info
  --> POST /api/sku/info 200 1ms 1.06kb
  <-- POST /api/sku/list
  --> POST /api/sku/list 200 0ms 4.81kb
  <-- POST /api/sku/info
  --> POST /api/sku/info 200 1ms 1kb
  <-- POST /api/sku/list
  --> POST /api/sku/list 200 1ms 4.81kb
  <-- POST /api/sku/list
  --> POST /api/sku/list 200 1ms 4.81kb
  <-- POST /api/sku/info
  --> POST /api/sku/info 200 1ms 1.06kb
  <-- POST /api/sku/list
  --> POST /api/sku/list 200 0ms 4.81kb
  <-- POST /api/sku/info
  --> POST /api/sku/info 200 1ms 1.03kb
  <-- POST /api/sku/list
  --> POST /api/sku/list 200 1ms 4.81kb
  <-- POST /api/sku/info
  --> POST /api/sku/info 200 1ms 1.03kb
  <-- POST /api/sku/list
  --> POST /api/sku/list 200 0ms 4.81kb
  <-- POST /api/sku/list
  --> POST /api/sku/list 200 1ms 4.81kb
  <-- POST /api/sku/list
  --> POST /api/sku/list 200 1ms 4.81kb
  <-- POST /api/cat/search
  --> POST /api/cat/search 200 1ms 23b
  <-- POST /api/cat/search
  --> POST /api/cat/search 200 1ms 23b
  <-- POST /api/cat/search
  --> POST /api/cat/search 200 1ms 23b
  <-- POST /api/cat/search
  --> POST /api/cat/search 200 1ms 23b
  <-- POST /api/cat/search
  --> POST /api/cat/search 200 0ms 23b
  <-- POST /api/sku/list
  --> POST /api/sku/list 200 1ms 4.81kb
  <-- POST /api/cat/search
  --> POST /api/cat/search 200 1ms 23b
  <-- POST /api/sku/list
  --> POST /api/sku/list 200 1ms 4.81kb
  <-- POST /api/cat/search
  --> POST /api/cat/search 200 1ms 23b
  <-- POST /api/sku/list
  --> POST /api/sku/list 200 0ms 4.81kb
  <-- POST /api/cat/search
  --> POST /api/cat/search 200 0ms 23b
  <-- POST /api/sku/list
  --> POST /api/sku/list 200 1ms 4.81kb
  <-- POST /api/cat/search
  --> POST /api/cat/search 200 1ms 23b
  <-- POST /api/sku/list
  --> POST /api/sku/list 200 1ms 4.81kb
  <-- POST /api/sku/list
  --> POST /api/sku/list 200 0ms 4.81kb
  <-- POST /api/cat/search
  --> POST /api/cat/search 200 0ms 23b
  <-- POST /api/sku/list
  --> POST /api/sku/list 200 1ms 4.81kb
  <-- POST /api/cat/search
  --> POST /api/cat/search 200 1ms 23b
  <-- POST /api/sku/list
  --> POST /api/sku/list 200 0ms 4.81kb
  <-- POST /api/cat/search
  --> POST /api/cat/search 200 0ms 23b
  <-- POST /api/cat/search
  --> POST /api/cat/search 200 1ms 23b
  <-- POST /api/sku/list
  --> POST /api/sku/list 200 0ms 4.81kb
  <-- POST /api/cat/search
  --> POST /api/cat/search 200 1ms 23b
  <-- POST /api/sku/list
  --> POST /api/sku/list 200 1ms 4.81kb
  <-- POST /api/cat/search
  --> POST /api/cat/search 200 0ms 23b
  <-- POST /api/cat/search
  --> POST /api/cat/search 200 1ms 23b
  <-- POST /api/sku/list
  --> POST /api/sku/list 200 0ms 4.81kb
  <-- POST /api/cat/search
  --> POST /api/cat/search 200 1ms 23b
  <-- POST /api/sku/list
  --> POST /api/sku/list 200 1ms 4.81kb
  <-- POST /api/cat/search
  --> POST /api/cat/search 200 1ms 23b
  <-- POST /api/sku/list
  --> POST /api/sku/list 200 1ms 4.81kb
  <-- POST /api/cat/search
  --> POST /api/cat/search 200 1ms 23b
  <-- POST /api/sku/list
  --> POST /api/sku/list 200 0ms 4.81kb
  <-- POST /api/sku/list
  --> POST /api/sku/list 200 0ms 4.81kb
  <-- POST /api/sku/list
  --> POST /api/sku/list 200 1ms 4.81kb
  <-- POST /api/sku/list
  --> POST /api/sku/list 200 1ms 4.81kb
  <-- POST /api/sku/info
  --> POST /api/sku/info 200 0ms 1.03kb
  <-- POST /api/sku/list
  --> POST /api/sku/list 200 0ms 4.81kb
  <-- POST /api/sku/info
  --> POST /api/sku/info 200 1ms 1.03kb
  <-- POST /api/sku/list
  --> POST /api/sku/list 200 0ms 4.81kb
  <-- POST /api/sku/list
  --> POST /api/sku/list 200 1ms 4.81kb
  <-- POST /api/sku/list
  --> POST /api/sku/list 200 0ms 4.81kb
  <-- POST /api/sku/list
  --> POST /api/sku/list 200 1ms 4.81kb
  <-- POST /api/sku/info
  --> POST /api/sku/info 200 1ms 1.06kb
  <-- POST /api/sku/list
  --> POST /api/sku/list 200 1ms 4.81kb
  <-- POST /api/sku/info
  --> POST /api/sku/info 200 0ms 1.03kb
  <-- POST /api/sku/list
  --> POST /api/sku/list 200 1ms 4.81kb
  <-- POST /api/sku/info
  --> POST /api/sku/info 200 1ms 1.03kb
  <-- POST /api/sku/list
  --> POST /api/sku/list 200 1ms 4.81kb
  <-- POST /api/cart/list
  --> POST /api/cart/list 200 1ms 52b
  <-- POST /api/sku/list
  --> POST /api/sku/list 200 0ms 4.81kb
  <-- POST /api/sku/list
  --> POST /api/sku/list 200 1ms 4.81kb
  <-- POST /api/cat/search
  --> POST /api/cat/search 200 1ms 23b
  <-- POST /api/sku/list
  --> POST /api/sku/list 200 1ms 4.81kb
  <-- POST /api/sku/list
  --> POST /api/sku/list 200 0ms 1.06kb
  <-- POST /api/sku/list
  --> POST /api/sku/list 200 1ms 4.81kb
  <-- POST /api/sku/list
  --> POST /api/sku/list 200 0ms 1.78kb
  <-- POST /api/sku/list
  --> POST /api/sku/list 200 0ms 4.81kb
  <-- POST /api/sku/list
  --> POST /api/sku/list 200 1ms 4.81kb
  <-- POST /api/sku/list
  --> POST /api/sku/list 200 1ms 4.81kb
  <-- POST /api/sku/list
  --> POST /api/sku/list 200 0ms 23b
  <-- POST /api/sku/list
  --> POST /api/sku/list 200 1ms 4.81kb
  <-- POST /api/sku/list
  --> POST /api/sku/list 200 1ms 23b
  <-- POST /api/sku/list
  --> POST /api/sku/list 200 1ms 4.81kb
  <-- POST /api/sku/list
  --> POST /api/sku/list 200 0ms 1.06kb
  <-- POST /api/sku/list
  --> POST /api/sku/list 200 1ms 1.06kb
  <-- POST /api/sku/list
  --> POST /api/sku/list 200 1ms 4.81kb
  <-- POST /api/sku/list
  --> POST /api/sku/list 200 1ms 1.06kb
  <-- POST /api/sku/list
  --> POST /api/sku/list 200 1ms 4.81kb
  <-- POST /api/sku/list
  --> POST /api/sku/list 200 1ms 1.78kb
  <-- POST /api/sku/list
  --> POST /api/sku/list 200 1ms 4.81kb
  <-- POST /api/sku/list
  --> POST /api/sku/list 200 0ms 23b
  <-- POST /api/sku/list
  --> POST /api/sku/list 200 0ms 4.81kb
  <-- POST /api/sku/list
  --> POST /api/sku/list 200 1ms 23b
  <-- POST /api/sku/list
  --> POST /api/sku/list 200 1ms 4.81kb
  <-- POST /api/sku/list
  --> POST /api/sku/list 200 0ms 4.81kb
  <-- POST /api/sku/list
  --> POST /api/sku/list 200 1ms 4.81kb
  <-- POST /api/sku/list
  --> POST /api/sku/list 200 0ms 4.81kb
  <-- POST /api/sku/list
  --> POST /api/sku/list 200 0ms 4.81kb
  <-- POST /api/sku/list
  --> POST /api/sku/list 200 1ms 4.81kb
  <-- POST /api/sku/list
  --> POST /api/sku/list 200 1ms 4.81kb
  <-- POST /api/sku/list
  --> POST /api/sku/list 200 1ms 23b
  <-- POST /api/sku/list
  --> POST /api/sku/list 200 1ms 4.81kb
  <-- POST /api/sku/list
  --> POST /api/sku/list 200 2ms 1.06kb
  <-- POST /api/sku/list
  --> POST /api/sku/list 200 1ms 4.81kb
  <-- POST /api/sku/list
  --> POST /api/sku/list 200 1ms 4.81kb
  <-- POST /api/sku/list
  --> POST /api/sku/list 200 1ms 4.81kb
  <-- POST /api/sku/list
  --> POST /api/sku/list 200 1ms 4.81kb
  <-- POST /api/sku/list
  --> POST /api/sku/list 200 2ms 1.78kb
  <-- POST /api/sku/list
  --> POST /api/sku/list 200 1ms 1.78kb
  <-- POST /api/sku/info
  --> POST /api/sku/info 200 1ms 56b
  <-- POST /api/sku/info
  --> POST /api/sku/info 200 1ms 56b
  <-- POST /api/sku/list
  --> POST /api/sku/list 200 1ms 4.81kb
  <-- POST /api/sku/list
  --> POST /api/sku/list 200 1ms 4.81kb
  <-- POST /api/sku/list
  --> POST /api/sku/list 200 0ms 23b
  <-- POST /api/sku/list
  --> POST /api/sku/list 200 0ms 1.78kb
  <-- POST /api/sku/list
  --> POST /api/sku/list 200 1ms 1.03kb
  <-- POST /api/sku/list
  --> POST /api/sku/list 200 0ms 4.81kb
  <-- POST /api/sku/list
  --> POST /api/sku/list 200 1ms 1.03kb
  <-- POST /api/sku/list
  --> POST /api/sku/list 200 1ms 4.81kb
  <-- POST /api/sku/list
  --> POST /api/sku/list 200 0ms 4.81kb
  <-- POST /api/sku/list
  --> POST /api/sku/list 200 0ms 4.81kb
  <-- POST /api/sku/list
  --> POST /api/sku/list 200 1ms 4.81kb
  <-- POST /api/sku/info
  --> POST /api/sku/info 200 1ms 1.03kb
  <-- POST /api/sku/list
  --> POST /api/sku/list 200 2ms 4.81kb
  <-- POST /api/cart/list
  --> POST /api/cart/list 200 0ms 52b
  <-- POST /api/cart/list
  --> POST /api/cart/list 200 0ms 52b
  <-- POST /api/sku/list
  --> POST /api/sku/list 200 1ms 4.81kb
  <-- POST /api/user/login
  --> POST /api/user/login 200 0ms 67b
  <-- POST /api/user/login
  --> POST /api/user/login 200 0ms 191b
  <-- POST /api/cart/list
  --> POST /api/cart/list 200 0ms 52b
  <-- POST /api/sku/list
  --> POST /api/sku/list 200 1ms 4.81kb
  <-- POST /api/cart/list
  --> POST /api/cart/list 200 0ms 52b
  <-- POST /api/cart/list
  --> POST /api/cart/list 200 0ms 52b
  <-- POST /api/cart/list
  --> POST /api/cart/list 200 1ms 52b
  <-- POST /api/cart/list
  --> POST /api/cart/list 200 1ms 52b
  <-- POST /api/cart/list
  --> POST /api/cart/list 200 1ms 52b
  <-- POST /api/sku/list
  --> POST /api/sku/list 200 0ms 4.81kb
  <-- POST /api/cart/list
  --> POST /api/cart/list 200 1ms 52b
  <-- POST /api/sku/list
  --> POST /api/sku/list 200 0ms 4.81kb
  <-- POST /api/cart/list
  --> POST /api/cart/list 200 1ms 52b
  <-- POST /api/sku/list
  --> POST /api/sku/list 200 1ms 4.81kb
  <-- POST /api/cart/list
  --> POST /api/cart/list 200 0ms 52b
  <-- POST /api/sku/list
  --> POST /api/sku/list 200 0ms 4.81kb
  <-- POST /api/sku/info
  --> POST /api/sku/info 200 1ms 1.03kb
  <-- POST /api/sku/list
  --> POST /api/sku/list 200 1ms 4.81kb
  <-- POST /api/sku/info
  --> POST /api/sku/info 200 1ms 791b
  <-- POST /api/sku/list
  --> POST /api/sku/list 200 1ms 4.81kb
  <-- POST /api/sku/list
  --> POST /api/sku/list 200 0ms 4.81kb
  <-- POST /api/sku/info
  --> POST /api/sku/info 200 0ms 791b
  <-- POST /api/sku/list
  --> POST /api/sku/list 200 1ms 4.81kb
  <-- POST /api/sku/info
  --> POST /api/sku/info 200 1ms 1.03kb
  <-- POST /api/sku/list
  --> POST /api/sku/list 200 1ms 4.81kb
  <-- POST /api/cart/list
  --> POST /api/cart/list 200 1ms 52b
  <-- POST /api/cart/list
  --> POST /api/cart/list 200 0ms 52b
  <-- POST /api/sku/list
  --> POST /api/sku/list 200 0ms 4.81kb
  <-- POST /api/sku/list
  --> POST /api/sku/list 200 1ms 4.81kb
  <-- POST /api/sku/list
  --> POST /api/sku/list 200 1ms 4.81kb
  <-- POST /api/sku/list
  --> POST /api/sku/list 200 1ms 4.81kb
  <-- POST /api/sku/list
  --> POST /api/sku/list 200 1ms 1.06kb
  <-- POST /api/sku/list
  --> POST /api/sku/list 200 1ms 23b
  <-- POST /api/sku/list
  --> POST /api/sku/list 200 0ms 23b
  <-- POST /api/sku/list
  --> POST /api/sku/list 200 1ms 4.81kb
  <-- POST /api/sku/info
  --> POST /api/sku/info 200 1ms 791b
  <-- POST /api/sku/info
  --> POST /api/sku/info 200 0ms 791b
  <-- POST /api/sku/list
  --> POST /api/sku/list 200 1ms 4.81kb
  <-- POST /api/sku/info
  --> POST /api/sku/info 200 1ms 791b
  <-- POST /api/sku/list
  --> POST /api/sku/list 200 0ms 4.81kb
  <-- POST /api/sku/list
  --> POST /api/sku/list 200 0ms 4.81kb
  <-- POST /api/sku/list
  --> POST /api/sku/list 200 1ms 23b
  <-- POST /api/sku/list
  --> POST /api/sku/list 200 1ms 23b
  <-- POST /api/sku/list
  --> POST /api/sku/list 200 1ms 4.81kb
  <-- POST /api/sku/list
  --> POST /api/sku/list 200 0ms 23b
  <-- POST /api/sku/list
  --> POST /api/sku/list 200 1ms 4.81kb
  <-- POST /api/sku/list
  --> POST /api/sku/list 200 0ms 23b
  <-- POST /api/sku/list
  --> POST /api/sku/list 200 0ms 23b
  <-- POST /api/sku/info
  --> POST /api/sku/info 200 1ms 56b
  <-- POST /api/sku/list
  --> POST /api/sku/list 200 1ms 4.81kb
  <-- POST /api/sku/list
  --> POST /api/sku/list 200 1ms 4.81kb
  <-- POST /api/sku/info
  --> POST /api/sku/info 200 0ms 1.06kb
  <-- POST /api/sku/list
  --> POST /api/sku/list 200 1ms 4.81kb
  <-- POST /api/sku/list
  --> POST /api/sku/list 200 0ms 23b
  <-- POST /api/sku/list
  --> POST /api/sku/list 200 0ms 23b
  <-- POST /api/sku/list
  --> POST /api/sku/list 200 1ms 23b
  <-- POST /api/sku/list
  --> POST /api/sku/list 200 0ms 4.81kb
  <-- POST /api/sku/list
  --> POST /api/sku/list 200 1ms 4.81kb
  <-- POST /api/sku/info
  --> POST /api/sku/info 200 1ms 791b
  <-- POST /api/sku/list
  --> POST /api/sku/list 200 1ms 4.81kb
  <-- POST /api/sku/list
  --> POST /api/sku/list 200 1ms 4.81kb
